{"C:\\Users\\Nima\\Desktop\\repos\\linked list\\linkedList.js": {"path":"C:\\Users\\Nima\\Desktop\\repos\\linked list\\linkedList.js","statementMap":{"0":{"start":{"line":2,"column":13},"end":{"line":2,"column":35}},"1":{"start":{"line":6,"column":4},"end":{"line":6,"column":21}},"2":{"start":{"line":7,"column":4},"end":{"line":7,"column":21}},"3":{"start":{"line":8,"column":4},"end":{"line":8,"column":18}},"4":{"start":{"line":12,"column":20},"end":{"line":12,"column":46}},"5":{"start":{"line":13,"column":4},"end":{"line":13,"column":24}},"6":{"start":{"line":14,"column":4},"end":{"line":16,"column":5}},"7":{"start":{"line":15,"column":6},"end":{"line":15,"column":28}},"8":{"start":{"line":17,"column":4},"end":{"line":17,"column":16}},"9":{"start":{"line":21,"column":4},"end":{"line":21,"column":53}},"10":{"start":{"line":21,"column":41},"end":{"line":21,"column":53}},"11":{"start":{"line":22,"column":22},"end":{"line":22,"column":31}},"12":{"start":{"line":24,"column":4},"end":{"line":26,"column":5}},"13":{"start":{"line":24,"column":17},"end":{"line":24,"column":18}},"14":{"start":{"line":25,"column":6},"end":{"line":25,"column":41}},"15":{"start":{"line":27,"column":4},"end":{"line":27,"column":23}},"16":{"start":{"line":31,"column":17},"end":{"line":31,"column":19}},"17":{"start":{"line":32,"column":18},"end":{"line":32,"column":27}},"18":{"start":{"line":33,"column":4},"end":{"line":36,"column":5}},"19":{"start":{"line":34,"column":6},"end":{"line":34,"column":47}},"20":{"start":{"line":35,"column":6},"end":{"line":35,"column":33}},"21":{"start":{"line":37,"column":4},"end":{"line":37,"column":41}},"22":{"start":{"line":41,"column":19},"end":{"line":41,"column":28}},"23":{"start":{"line":42,"column":17},"end":{"line":42,"column":18}},"24":{"start":{"line":43,"column":4},"end":{"line":49,"column":5}},"25":{"start":{"line":44,"column":6},"end":{"line":44,"column":24}},"26":{"start":{"line":45,"column":6},"end":{"line":45,"column":23}},"27":{"start":{"line":46,"column":6},"end":{"line":46,"column":23}},"28":{"start":{"line":47,"column":6},"end":{"line":47,"column":20}},"29":{"start":{"line":48,"column":6},"end":{"line":48,"column":20}},"30":{"start":{"line":50,"column":4},"end":{"line":58,"column":5}},"31":{"start":{"line":50,"column":17},"end":{"line":50,"column":18}},"32":{"start":{"line":51,"column":6},"end":{"line":56,"column":7}},"33":{"start":{"line":52,"column":8},"end":{"line":52,"column":30}},"34":{"start":{"line":53,"column":8},"end":{"line":53,"column":35}},"35":{"start":{"line":54,"column":8},"end":{"line":54,"column":33}},"36":{"start":{"line":55,"column":8},"end":{"line":55,"column":20}},"37":{"start":{"line":57,"column":6},"end":{"line":57,"column":35}},"38":{"start":{"line":59,"column":4},"end":{"line":59,"column":18}},"39":{"start":{"line":63,"column":20},"end":{"line":63,"column":35}},"40":{"start":{"line":64,"column":22},"end":{"line":64,"column":31}},"41":{"start":{"line":65,"column":4},"end":{"line":69,"column":5}},"42":{"start":{"line":66,"column":6},"end":{"line":66,"column":26}},"43":{"start":{"line":67,"column":6},"end":{"line":67,"column":18}},"44":{"start":{"line":68,"column":6},"end":{"line":68,"column":13}},"45":{"start":{"line":70,"column":4},"end":{"line":78,"column":5}},"46":{"start":{"line":70,"column":17},"end":{"line":70,"column":18}},"47":{"start":{"line":71,"column":6},"end":{"line":76,"column":7}},"48":{"start":{"line":72,"column":8},"end":{"line":72,"column":39}},"49":{"start":{"line":73,"column":8},"end":{"line":73,"column":28}},"50":{"start":{"line":74,"column":8},"end":{"line":74,"column":20}},"51":{"start":{"line":75,"column":8},"end":{"line":75,"column":15}},"52":{"start":{"line":77,"column":6},"end":{"line":77,"column":41}},"53":{"start":{"line":82,"column":17},"end":{"line":82,"column":22}},"54":{"start":{"line":83,"column":22},"end":{"line":83,"column":31}},"55":{"start":{"line":84,"column":4},"end":{"line":89,"column":5}},"56":{"start":{"line":84,"column":17},"end":{"line":84,"column":18}},"57":{"start":{"line":85,"column":6},"end":{"line":87,"column":7}},"58":{"start":{"line":86,"column":8},"end":{"line":86,"column":22}},"59":{"start":{"line":88,"column":6},"end":{"line":88,"column":41}},"60":{"start":{"line":90,"column":4},"end":{"line":90,"column":18}},"61":{"start":{"line":94,"column":4},"end":{"line":96,"column":5}},"62":{"start":{"line":95,"column":6},"end":{"line":95,"column":18}},"63":{"start":{"line":98,"column":22},"end":{"line":98,"column":31}},"64":{"start":{"line":100,"column":4},"end":{"line":105,"column":5}},"65":{"start":{"line":100,"column":17},"end":{"line":100,"column":18}},"66":{"start":{"line":101,"column":6},"end":{"line":103,"column":7}},"67":{"start":{"line":102,"column":8},"end":{"line":102,"column":17}},"68":{"start":{"line":104,"column":6},"end":{"line":104,"column":41}},"69":{"start":{"line":109,"column":4},"end":{"line":111,"column":5}},"70":{"start":{"line":110,"column":6},"end":{"line":110,"column":67}},"71":{"start":{"line":113,"column":22},"end":{"line":113,"column":31}},"72":{"start":{"line":115,"column":4},"end":{"line":122,"column":5}},"73":{"start":{"line":115,"column":17},"end":{"line":115,"column":18}},"74":{"start":{"line":116,"column":6},"end":{"line":120,"column":7}},"75":{"start":{"line":117,"column":24},"end":{"line":117,"column":61}},"76":{"start":{"line":118,"column":8},"end":{"line":118,"column":39}},"77":{"start":{"line":119,"column":8},"end":{"line":119,"column":27}},"78":{"start":{"line":121,"column":6},"end":{"line":121,"column":41}},"79":{"start":{"line":126,"column":4},"end":{"line":128,"column":5}},"80":{"start":{"line":127,"column":6},"end":{"line":127,"column":67}},"81":{"start":{"line":129,"column":19},"end":{"line":129,"column":28}},"82":{"start":{"line":130,"column":4},"end":{"line":134,"column":5}},"83":{"start":{"line":131,"column":6},"end":{"line":131,"column":36}},"84":{"start":{"line":132,"column":6},"end":{"line":132,"column":18}},"85":{"start":{"line":133,"column":6},"end":{"line":133,"column":13}},"86":{"start":{"line":135,"column":4},"end":{"line":141,"column":5}},"87":{"start":{"line":135,"column":17},"end":{"line":135,"column":18}},"88":{"start":{"line":136,"column":6},"end":{"line":139,"column":7}},"89":{"start":{"line":137,"column":8},"end":{"line":137,"column":55}},"90":{"start":{"line":138,"column":8},"end":{"line":138,"column":20}},"91":{"start":{"line":140,"column":6},"end":{"line":140,"column":35}},"92":{"start":{"line":145,"column":0},"end":{"line":151,"column":2}},"93":{"start":{"line":146,"column":13},"end":{"line":146,"column":29}},"94":{"start":{"line":147,"column":2},"end":{"line":149,"column":3}},"95":{"start":{"line":147,"column":15},"end":{"line":147,"column":16}},"96":{"start":{"line":148,"column":4},"end":{"line":148,"column":25}},"97":{"start":{"line":150,"column":2},"end":{"line":150,"column":12}},"98":{"start":{"line":153,"column":0},"end":{"line":159,"column":2}},"99":{"start":{"line":154,"column":13},"end":{"line":154,"column":29}},"100":{"start":{"line":155,"column":2},"end":{"line":157,"column":3}},"101":{"start":{"line":155,"column":15},"end":{"line":155,"column":16}},"102":{"start":{"line":156,"column":4},"end":{"line":156,"column":24}},"103":{"start":{"line":158,"column":2},"end":{"line":158,"column":12}},"104":{"start":{"line":161,"column":11},"end":{"line":161,"column":55}},"105":{"start":{"line":162,"column":0},"end":{"line":162,"column":14}},"106":{"start":{"line":163,"column":17},"end":{"line":163,"column":67}},"107":{"start":{"line":164,"column":0},"end":{"line":164,"column":20}},"108":{"start":{"line":165,"column":0},"end":{"line":165,"column":14}},"109":{"start":{"line":166,"column":0},"end":{"line":166,"column":16}},"110":{"start":{"line":167,"column":0},"end":{"line":167,"column":14}},"111":{"start":{"line":169,"column":0},"end":{"line":169,"column":28}}},"fnMap":{"0":{"name":"(anonymous_0)","decl":{"start":{"line":5,"column":2},"end":{"line":5,"column":3}},"loc":{"start":{"line":5,"column":16},"end":{"line":9,"column":3}},"line":5},"1":{"name":"(anonymous_1)","decl":{"start":{"line":11,"column":2},"end":{"line":11,"column":3}},"loc":{"start":{"line":11,"column":17},"end":{"line":18,"column":3}},"line":11},"2":{"name":"(anonymous_2)","decl":{"start":{"line":20,"column":2},"end":{"line":20,"column":3}},"loc":{"start":{"line":20,"column":12},"end":{"line":28,"column":3}},"line":20},"3":{"name":"(anonymous_3)","decl":{"start":{"line":30,"column":2},"end":{"line":30,"column":3}},"loc":{"start":{"line":30,"column":13},"end":{"line":38,"column":3}},"line":30},"4":{"name":"(anonymous_4)","decl":{"start":{"line":40,"column":2},"end":{"line":40,"column":3}},"loc":{"start":{"line":40,"column":8},"end":{"line":60,"column":3}},"line":40},"5":{"name":"(anonymous_5)","decl":{"start":{"line":62,"column":2},"end":{"line":62,"column":3}},"loc":{"start":{"line":62,"column":16},"end":{"line":79,"column":3}},"line":62},"6":{"name":"(anonymous_6)","decl":{"start":{"line":81,"column":2},"end":{"line":81,"column":3}},"loc":{"start":{"line":81,"column":18},"end":{"line":91,"column":3}},"line":81},"7":{"name":"(anonymous_7)","decl":{"start":{"line":93,"column":2},"end":{"line":93,"column":3}},"loc":{"start":{"line":93,"column":14},"end":{"line":106,"column":3}},"line":93},"8":{"name":"(anonymous_8)","decl":{"start":{"line":108,"column":2},"end":{"line":108,"column":3}},"loc":{"start":{"line":108,"column":25},"end":{"line":123,"column":3}},"line":108},"9":{"name":"(anonymous_9)","decl":{"start":{"line":125,"column":2},"end":{"line":125,"column":3}},"loc":{"start":{"line":125,"column":18},"end":{"line":142,"column":3}},"line":125},"10":{"name":"(anonymous_10)","decl":{"start":{"line":145,"column":21},"end":{"line":145,"column":22}},"loc":{"start":{"line":145,"column":35},"end":{"line":151,"column":1}},"line":145},"11":{"name":"(anonymous_11)","decl":{"start":{"line":153,"column":27},"end":{"line":153,"column":28}},"loc":{"start":{"line":153,"column":41},"end":{"line":159,"column":1}},"line":153}},"branchMap":{"0":{"loc":{"start":{"line":14,"column":4},"end":{"line":16,"column":5}},"type":"if","locations":[{"start":{"line":14,"column":4},"end":{"line":16,"column":5}},{"start":{},"end":{}}],"line":14},"1":{"loc":{"start":{"line":21,"column":4},"end":{"line":21,"column":53}},"type":"if","locations":[{"start":{"line":21,"column":4},"end":{"line":21,"column":53}},{"start":{},"end":{}}],"line":21},"2":{"loc":{"start":{"line":21,"column":8},"end":{"line":21,"column":39}},"type":"binary-expr","locations":[{"start":{"line":21,"column":8},"end":{"line":21,"column":26}},{"start":{"line":21,"column":30},"end":{"line":21,"column":39}}],"line":21},"3":{"loc":{"start":{"line":43,"column":4},"end":{"line":49,"column":5}},"type":"if","locations":[{"start":{"line":43,"column":4},"end":{"line":49,"column":5}},{"start":{},"end":{}}],"line":43},"4":{"loc":{"start":{"line":51,"column":6},"end":{"line":56,"column":7}},"type":"if","locations":[{"start":{"line":51,"column":6},"end":{"line":56,"column":7}},{"start":{},"end":{}}],"line":51},"5":{"loc":{"start":{"line":65,"column":4},"end":{"line":69,"column":5}},"type":"if","locations":[{"start":{"line":65,"column":4},"end":{"line":69,"column":5}},{"start":{},"end":{}}],"line":65},"6":{"loc":{"start":{"line":71,"column":6},"end":{"line":76,"column":7}},"type":"if","locations":[{"start":{"line":71,"column":6},"end":{"line":76,"column":7}},{"start":{},"end":{}}],"line":71},"7":{"loc":{"start":{"line":85,"column":6},"end":{"line":87,"column":7}},"type":"if","locations":[{"start":{"line":85,"column":6},"end":{"line":87,"column":7}},{"start":{},"end":{}}],"line":85},"8":{"loc":{"start":{"line":94,"column":4},"end":{"line":96,"column":5}},"type":"if","locations":[{"start":{"line":94,"column":4},"end":{"line":96,"column":5}},{"start":{},"end":{}}],"line":94},"9":{"loc":{"start":{"line":101,"column":6},"end":{"line":103,"column":7}},"type":"if","locations":[{"start":{"line":101,"column":6},"end":{"line":103,"column":7}},{"start":{},"end":{}}],"line":101},"10":{"loc":{"start":{"line":109,"column":4},"end":{"line":111,"column":5}},"type":"if","locations":[{"start":{"line":109,"column":4},"end":{"line":111,"column":5}},{"start":{},"end":{}}],"line":109},"11":{"loc":{"start":{"line":116,"column":6},"end":{"line":120,"column":7}},"type":"if","locations":[{"start":{"line":116,"column":6},"end":{"line":120,"column":7}},{"start":{},"end":{}}],"line":116},"12":{"loc":{"start":{"line":126,"column":4},"end":{"line":128,"column":5}},"type":"if","locations":[{"start":{"line":126,"column":4},"end":{"line":128,"column":5}},{"start":{},"end":{}}],"line":126},"13":{"loc":{"start":{"line":130,"column":4},"end":{"line":134,"column":5}},"type":"if","locations":[{"start":{"line":130,"column":4},"end":{"line":134,"column":5}},{"start":{},"end":{}}],"line":130},"14":{"loc":{"start":{"line":136,"column":6},"end":{"line":139,"column":7}},"type":"if","locations":[{"start":{"line":136,"column":6},"end":{"line":139,"column":7}},{"start":{},"end":{}}],"line":136}},"s":{"0":1,"1":12,"2":12,"3":12,"4":33,"5":33,"6":33,"7":6,"8":33,"9":2,"10":1,"11":1,"12":1,"13":1,"14":1,"15":1,"16":5,"17":5,"18":5,"19":32,"20":32,"21":5,"22":2,"23":2,"24":2,"25":1,"26":1,"27":1,"28":1,"29":1,"30":1,"31":1,"32":5,"33":1,"34":1,"35":1,"36":1,"37":5,"38":1,"39":34,"40":34,"41":34,"42":6,"43":6,"44":6,"45":28,"46":28,"47":94,"48":28,"49":28,"50":28,"51":28,"52":66,"53":4,"54":4,"55":4,"56":4,"57":24,"58":2,"59":24,"60":4,"61":2,"62":1,"63":1,"64":1,"65":1,"66":4,"67":1,"68":3,"69":1,"70":0,"71":1,"72":1,"73":1,"74":4,"75":1,"76":1,"77":1,"78":3,"79":3,"80":1,"81":2,"82":2,"83":1,"84":1,"85":1,"86":1,"87":1,"88":3,"89":1,"90":1,"91":3,"92":1,"93":6,"94":6,"95":6,"96":33,"97":6,"98":1,"99":6,"100":6,"101":6,"102":33,"103":6,"104":1,"105":1,"106":1,"107":1,"108":1,"109":1,"110":1,"111":1},"f":{"0":12,"1":33,"2":2,"3":5,"4":2,"5":34,"6":4,"7":2,"8":1,"9":3,"10":6,"11":6},"b":{"0":[6,27],"1":[1,1],"2":[2,2],"3":[1,1],"4":[1,4],"5":[6,28],"6":[28,66],"7":[2,22],"8":[1,1],"9":[1,3],"10":[0,1],"11":[1,3],"12":[1,2],"13":[1,1],"14":[1,2]},"_coverageSchema":"1a1c01bbd47fc00a2c39e90264f33305004495a9","hash":"1bf4bcbf47c79077a14b66d5d819777c7f5afcbf"}
,"C:\\Users\\Nima\\Desktop\\repos\\linked list\\nodeClass.js": {"path":"C:\\Users\\Nima\\Desktop\\repos\\linked list\\nodeClass.js","statementMap":{"0":{"start":{"line":3,"column":8},"end":{"line":3,"column":27}},"1":{"start":{"line":4,"column":8},"end":{"line":4,"column":41}},"2":{"start":{"line":8,"column":0},"end":{"line":8,"column":22}}},"fnMap":{"0":{"name":"(anonymous_0)","decl":{"start":{"line":2,"column":4},"end":{"line":2,"column":5}},"loc":{"start":{"line":2,"column":33},"end":{"line":5,"column":5}},"line":2}},"branchMap":{"0":{"loc":{"start":{"line":4,"column":24},"end":{"line":4,"column":40}},"type":"binary-expr","locations":[{"start":{"line":4,"column":24},"end":{"line":4,"column":32}},{"start":{"line":4,"column":36},"end":{"line":4,"column":40}}],"line":4}},"s":{"0":68,"1":68,"2":1},"f":{"0":68},"b":{"0":[68,40]},"_coverageSchema":"1a1c01bbd47fc00a2c39e90264f33305004495a9","hash":"5da2f6248204c4d9cebcd1c0d51128950195f54c"}
}
