TN:
SF:linkedList.js
FN:5,(anonymous_0)
FN:11,(anonymous_1)
FN:20,(anonymous_2)
FN:30,(anonymous_3)
FN:40,(anonymous_4)
FN:62,(anonymous_5)
FN:81,(anonymous_6)
FN:93,(anonymous_7)
FN:108,(anonymous_8)
FN:125,(anonymous_9)
FN:145,(anonymous_10)
FN:153,(anonymous_11)
FNF:12
FNH:12
FNDA:12,(anonymous_0)
FNDA:33,(anonymous_1)
FNDA:2,(anonymous_2)
FNDA:5,(anonymous_3)
FNDA:2,(anonymous_4)
FNDA:34,(anonymous_5)
FNDA:4,(anonymous_6)
FNDA:2,(anonymous_7)
FNDA:1,(anonymous_8)
FNDA:3,(anonymous_9)
FNDA:6,(anonymous_10)
FNDA:6,(anonymous_11)
DA:2,1
DA:6,12
DA:7,12
DA:8,12
DA:12,33
DA:13,33
DA:14,33
DA:15,6
DA:17,33
DA:21,2
DA:22,1
DA:24,1
DA:25,1
DA:27,1
DA:31,5
DA:32,5
DA:33,5
DA:34,32
DA:35,32
DA:37,5
DA:41,2
DA:42,2
DA:43,2
DA:44,1
DA:45,1
DA:46,1
DA:47,1
DA:48,1
DA:50,1
DA:51,5
DA:52,1
DA:53,1
DA:54,1
DA:55,1
DA:57,5
DA:59,1
DA:63,34
DA:64,34
DA:65,34
DA:66,6
DA:67,6
DA:68,6
DA:70,28
DA:71,94
DA:72,28
DA:73,28
DA:74,28
DA:75,28
DA:77,66
DA:82,4
DA:83,4
DA:84,4
DA:85,24
DA:86,2
DA:88,24
DA:90,4
DA:94,2
DA:95,1
DA:98,1
DA:100,1
DA:101,4
DA:102,1
DA:104,3
DA:109,1
DA:110,0
DA:113,1
DA:115,1
DA:116,4
DA:117,1
DA:118,1
DA:119,1
DA:121,3
DA:126,3
DA:127,1
DA:129,2
DA:130,2
DA:131,1
DA:132,1
DA:133,1
DA:135,1
DA:136,3
DA:137,1
DA:138,1
DA:140,3
DA:145,1
DA:146,6
DA:147,6
DA:148,33
DA:150,6
DA:153,1
DA:154,6
DA:155,6
DA:156,33
DA:158,6
DA:161,1
DA:162,1
DA:163,1
DA:164,1
DA:165,1
DA:166,1
DA:167,1
DA:169,1
LF:102
LH:101
BRDA:14,0,0,6
BRDA:14,0,1,27
BRDA:21,1,0,1
BRDA:21,1,1,1
BRDA:21,2,0,2
BRDA:21,2,1,2
BRDA:43,3,0,1
BRDA:43,3,1,1
BRDA:51,4,0,1
BRDA:51,4,1,4
BRDA:65,5,0,6
BRDA:65,5,1,28
BRDA:71,6,0,28
BRDA:71,6,1,66
BRDA:85,7,0,2
BRDA:85,7,1,22
BRDA:94,8,0,1
BRDA:94,8,1,1
BRDA:101,9,0,1
BRDA:101,9,1,3
BRDA:109,10,0,0
BRDA:109,10,1,1
BRDA:116,11,0,1
BRDA:116,11,1,3
BRDA:126,12,0,1
BRDA:126,12,1,2
BRDA:130,13,0,1
BRDA:130,13,1,1
BRDA:136,14,0,1
BRDA:136,14,1,2
BRF:30
BRH:29
end_of_record
TN:
SF:nodeClass.js
FN:2,(anonymous_0)
FNF:1
FNH:1
FNDA:68,(anonymous_0)
DA:3,68
DA:4,68
DA:8,1
LF:3
LH:3
BRDA:4,0,0,68
BRDA:4,0,1,40
BRF:2
BRH:2
end_of_record
